<?xml version="1.0" encoding="UTF-8"?>
<!-- Generated by org.testng.reporters.JUnitReportReporter -->
<testsuite hostname="FCS-AST-LAP-017" failures="0" tests="1" name="testing.mainPage$Feebak_Test" time="28.632" errors="0" timestamp="2024-11-20T11:06:15 IST" skipped="0">
  <testcase classname="testing.mainPage$Feebak_Test" name="testFeebakLogin" time="28.632"/>
</testsuite> <!-- testing.mainPage$Feebak_Test -->
