<?xml version="1.0" encoding="UTF-8"?>
<!-- Generated by org.testng.reporters.JUnitReportReporter -->
<testsuite hostname="FCS-AST-LAP-017" failures="0" tests="1" name="testing.Feebak" time="1.400" errors="0" timestamp="2024-11-12T17:52:11 IST" skipped="0">
  <testcase classname="testing.Feebak" name="login" time="1.400"/>
</testsuite> <!-- testing.Feebak -->
