<?xml version="1.0" encoding="UTF-8"?>
<!-- Generated by org.testng.reporters.JUnitReportReporter -->
<testsuite hostname="FCS-AST-LAP-017" failures="0" tests="1" name="testing_MainPart.mainPage$Feebak_Test" time="20.552" errors="0" timestamp="2025-02-17T16:55:01 IST" skipped="0">
  <testcase classname="testing_MainPart.mainPage$Feebak_Test" name="testFeebakLogin" time="20.552"/>
</testsuite> <!-- testing_MainPart.mainPage$Feebak_Test -->
